Analysis & Synthesis report for fpga
Wed Apr 11 11:40:24 2018
Quartus II 32-bit Version 11.1 Build 259 01/25/2012 Service Pack 2 SJ Full Version


---------------------
; Table of Contents ;
---------------------
  1. Legal Notice
  2. Analysis & Synthesis Summary
  3. Analysis & Synthesis Settings
  4. Parallel Compilation
  5. Analysis & Synthesis Source Files Read
  6. Analysis & Synthesis Resource Usage Summary
  7. Analysis & Synthesis Resource Utilization by Entity
  8. State Machine - |Oven_glob|Oven_count:B|state
  9. State Machine - |Oven_glob|Oven_ctrl:A|state
 10. Registers Removed During Synthesis
 11. General Register Statistics
 12. Multiplexer Restructuring Statistics (Restructuring Performed)
 13. Source assignments for Top-level Entity: |Oven_glob
 14. Parameter Settings for Inferred Entity Instance: Oven_count:B|lpm_divide:Mod0
 15. Parameter Settings for Inferred Entity Instance: Oven_count:B|lpm_divide:Div0
 16. Parameter Settings for Inferred Entity Instance: Oven_count:B|lpm_divide:Mod1
 17. Parameter Settings for Inferred Entity Instance: Oven_count:B|lpm_divide:Div1
 18. Elapsed Time Per Partition
 19. Analysis & Synthesis Messages



----------------
; Legal Notice ;
----------------
Copyright (C) 1991-2011 Altera Corporation
Your use of Altera Corporation's design tools, logic functions 
and other software and tools, and its AMPP partner logic 
functions, and any output files from any of the foregoing 
(including device programming or simulation files), and any 
associated documentation or information are expressly subject 
to the terms and conditions of the Altera Program License 
Subscription Agreement, Altera MegaCore Function License 
Agreement, or other applicable license agreement, including, 
without limitation, that your use is for the sole purpose of 
programming logic devices manufactured by Altera and sold by 
Altera or its authorized distributors.  Please refer to the 
applicable agreement for further details.



+-------------------------------------------------------------------------------------+
; Analysis & Synthesis Summary                                                        ;
+------------------------------------+------------------------------------------------+
; Analysis & Synthesis Status        ; Successful - Wed Apr 11 11:40:24 2018          ;
; Quartus II 32-bit Version          ; 11.1 Build 259 01/25/2012 SP 2 SJ Full Version ;
; Revision Name                      ; fpga                                           ;
; Top-level Entity Name              ; Oven_glob                                      ;
; Family                             ; Cyclone II                                     ;
; Total logic elements               ; 267                                            ;
;     Total combinational functions  ; 267                                            ;
;     Dedicated logic registers      ; 43                                             ;
; Total registers                    ; 43                                             ;
; Total pins                         ; 54                                             ;
; Total virtual pins                 ; 0                                              ;
; Total memory bits                  ; 0                                              ;
; Embedded Multiplier 9-bit elements ; 0                                              ;
; Total PLLs                         ; 0                                              ;
+------------------------------------+------------------------------------------------+


+----------------------------------------------------------------------------------------------------------------------+
; Analysis & Synthesis Settings                                                                                        ;
+----------------------------------------------------------------------------+--------------------+--------------------+
; Option                                                                     ; Setting            ; Default Value      ;
+----------------------------------------------------------------------------+--------------------+--------------------+
; Device                                                                     ; EP2C20F484C7       ;                    ;
; Top-level entity name                                                      ; Oven_glob          ; fpga               ;
; Family name                                                                ; Cyclone II         ; Cyclone IV GX      ;
; Use smart compilation                                                      ; Off                ; Off                ;
; Enable parallel Assembler and TimeQuest Timing Analyzer during compilation ; On                 ; On                 ;
; Enable compact report table                                                ; Off                ; Off                ;
; Restructure Multiplexers                                                   ; Auto               ; Auto               ;
; Create Debugging Nodes for IP Cores                                        ; Off                ; Off                ;
; Preserve fewer node names                                                  ; On                 ; On                 ;
; Disable OpenCore Plus hardware evaluation                                  ; Off                ; Off                ;
; Verilog Version                                                            ; Verilog_2001       ; Verilog_2001       ;
; VHDL Version                                                               ; VHDL_1993          ; VHDL_1993          ;
; State Machine Processing                                                   ; Auto               ; Auto               ;
; Safe State Machine                                                         ; Off                ; Off                ;
; Extract Verilog State Machines                                             ; On                 ; On                 ;
; Extract VHDL State Machines                                                ; On                 ; On                 ;
; Ignore Verilog initial constructs                                          ; Off                ; Off                ;
; Iteration limit for constant Verilog loops                                 ; 5000               ; 5000               ;
; Iteration limit for non-constant Verilog loops                             ; 250                ; 250                ;
; Add Pass-Through Logic to Inferred RAMs                                    ; On                 ; On                 ;
; Infer RAMs from Raw Logic                                                  ; On                 ; On                 ;
; Parallel Synthesis                                                         ; On                 ; On                 ;
; DSP Block Balancing                                                        ; Auto               ; Auto               ;
; NOT Gate Push-Back                                                         ; On                 ; On                 ;
; Power-Up Don't Care                                                        ; On                 ; On                 ;
; Remove Redundant Logic Cells                                               ; Off                ; Off                ;
; Remove Duplicate Registers                                                 ; On                 ; On                 ;
; Ignore CARRY Buffers                                                       ; Off                ; Off                ;
; Ignore CASCADE Buffers                                                     ; Off                ; Off                ;
; Ignore GLOBAL Buffers                                                      ; Off                ; Off                ;
; Ignore ROW GLOBAL Buffers                                                  ; Off                ; Off                ;
; Ignore LCELL Buffers                                                       ; Off                ; Off                ;
; Ignore SOFT Buffers                                                        ; On                 ; On                 ;
; Limit AHDL Integers to 32 Bits                                             ; Off                ; Off                ;
; Optimization Technique                                                     ; Balanced           ; Balanced           ;
; Carry Chain Length                                                         ; 70                 ; 70                 ;
; Auto Carry Chains                                                          ; On                 ; On                 ;
; Auto Open-Drain Pins                                                       ; On                 ; On                 ;
; Perform WYSIWYG Primitive Resynthesis                                      ; Off                ; Off                ;
; Auto ROM Replacement                                                       ; On                 ; On                 ;
; Auto RAM Replacement                                                       ; On                 ; On                 ;
; Auto Shift Register Replacement                                            ; Auto               ; Auto               ;
; Allow Shift Register Merging across Hierarchies                            ; Auto               ; Auto               ;
; Auto Clock Enable Replacement                                              ; On                 ; On                 ;
; Strict RAM Replacement                                                     ; Off                ; Off                ;
; Allow Synchronous Control Signals                                          ; On                 ; On                 ;
; Force Use of Synchronous Clear Signals                                     ; Off                ; Off                ;
; Auto RAM to Logic Cell Conversion                                          ; Off                ; Off                ;
; Auto Resource Sharing                                                      ; Off                ; Off                ;
; Allow Any RAM Size For Recognition                                         ; Off                ; Off                ;
; Allow Any ROM Size For Recognition                                         ; Off                ; Off                ;
; Allow Any Shift Register Size For Recognition                              ; Off                ; Off                ;
; Use LogicLock Constraints during Resource Balancing                        ; On                 ; On                 ;
; Ignore translate_off and synthesis_off directives                          ; Off                ; Off                ;
; Timing-Driven Synthesis                                                    ; Off                ; Off                ;
; Report Parameter Settings                                                  ; On                 ; On                 ;
; Report Source Assignments                                                  ; On                 ; On                 ;
; Report Connectivity Checks                                                 ; On                 ; On                 ;
; Ignore Maximum Fan-Out Assignments                                         ; Off                ; Off                ;
; Synchronization Register Chain Length                                      ; 2                  ; 2                  ;
; PowerPlay Power Optimization                                               ; Normal compilation ; Normal compilation ;
; HDL message level                                                          ; Level2             ; Level2             ;
; Suppress Register Optimization Related Messages                            ; Off                ; Off                ;
; Number of Removed Registers Reported in Synthesis Report                   ; 5000               ; 5000               ;
; Number of Inverted Registers Reported in Synthesis Report                  ; 100                ; 100                ;
; Clock MUX Protection                                                       ; On                 ; On                 ;
; Auto Gated Clock Conversion                                                ; Off                ; Off                ;
; Block Design Naming                                                        ; Auto               ; Auto               ;
; SDC constraint protection                                                  ; Off                ; Off                ;
; Synthesis Effort                                                           ; Auto               ; Auto               ;
; Shift Register Replacement - Allow Asynchronous Clear Signal               ; On                 ; On                 ;
; Analysis & Synthesis Message Level                                         ; Medium             ; Medium             ;
; Disable Register Merging Across Hierarchies                                ; Auto               ; Auto               ;
; Resource Aware Inference For Block RAM                                     ; On                 ; On                 ;
; Synthesis Seed                                                             ; 1                  ; 1                  ;
+----------------------------------------------------------------------------+--------------------+--------------------+


+------------------------------------------+
; Parallel Compilation                     ;
+----------------------------+-------------+
; Processors                 ; Number      ;
+----------------------------+-------------+
; Number detected on machine ; 2           ;
; Maximum allowed            ; 2           ;
;                            ;             ;
; Average used               ; 1.00        ;
; Maximum used               ; 1           ;
;                            ;             ;
; Usage by Processor         ; % Time Used ;
;     1 processor            ; 100.0%      ;
;     2 processors           ;   0.0%      ;
+----------------------------+-------------+


+--------------------------------------------------------------------------------------------------------------------------------------------------------------+
; Analysis & Synthesis Source Files Read                                                                                                                       ;
+----------------------------------+-----------------+------------------------------+--------------------------------------------------------------------------+
; File Name with User-Entered Path ; Used in Netlist ; File Type                    ; File Name with Absolute Path                                             ;
+----------------------------------+-----------------+------------------------------+--------------------------------------------------------------------------+
; Oven_glob.vhd                    ; yes             ; User VHDL File               ; /tp/xm1iarc/xm1iarc013/projet_fpga/Oven_glob.vhd                         ;
; oven.vhd                         ; yes             ; User VHDL File               ; /tp/xm1iarc/xm1iarc013/projet_fpga/oven.vhd                              ;
; counter.vhdl                     ; yes             ; User VHDL File               ; /tp/xm1iarc/xm1iarc013/projet_fpga/counter.vhdl                          ;
; lpm_divide.tdf                   ; yes             ; Megafunction                 ; /softslin/altera11_1/quartus/libraries/megafunctions/lpm_divide.tdf      ;
; abs_divider.inc                  ; yes             ; Megafunction                 ; /softslin/altera11_1/quartus/libraries/megafunctions/abs_divider.inc     ;
; sign_div_unsign.inc              ; yes             ; Megafunction                 ; /softslin/altera11_1/quartus/libraries/megafunctions/sign_div_unsign.inc ;
; aglobal111.inc                   ; yes             ; Megafunction                 ; /softslin/altera11_1/quartus/libraries/megafunctions/aglobal111.inc      ;
; db/lpm_divide_65m.tdf            ; yes             ; Auto-Generated Megafunction  ; /tp/xm1iarc/xm1iarc013/projet_fpga/db/lpm_divide_65m.tdf                 ;
; db/sign_div_unsign_dkh.tdf       ; yes             ; Auto-Generated Megafunction  ; /tp/xm1iarc/xm1iarc013/projet_fpga/db/sign_div_unsign_dkh.tdf            ;
; db/alt_u_div_sve.tdf             ; yes             ; Auto-Generated Megafunction  ; /tp/xm1iarc/xm1iarc013/projet_fpga/db/alt_u_div_sve.tdf                  ;
; db/add_sub_lkc.tdf               ; yes             ; Auto-Generated Megafunction  ; /tp/xm1iarc/xm1iarc013/projet_fpga/db/add_sub_lkc.tdf                    ;
; db/add_sub_mkc.tdf               ; yes             ; Auto-Generated Megafunction  ; /tp/xm1iarc/xm1iarc013/projet_fpga/db/add_sub_mkc.tdf                    ;
; db/lpm_divide_0dm.tdf            ; yes             ; Auto-Generated Megafunction  ; /tp/xm1iarc/xm1iarc013/projet_fpga/db/lpm_divide_0dm.tdf                 ;
; db/sign_div_unsign_akh.tdf       ; yes             ; Auto-Generated Megafunction  ; /tp/xm1iarc/xm1iarc013/projet_fpga/db/sign_div_unsign_akh.tdf            ;
; db/alt_u_div_mve.tdf             ; yes             ; Auto-Generated Megafunction  ; /tp/xm1iarc/xm1iarc013/projet_fpga/db/alt_u_div_mve.tdf                  ;
; db/lpm_divide_3dm.tdf            ; yes             ; Auto-Generated Megafunction  ; /tp/xm1iarc/xm1iarc013/projet_fpga/db/lpm_divide_3dm.tdf                 ;
+----------------------------------+-----------------+------------------------------+--------------------------------------------------------------------------+


+-----------------------------------------------------------+
; Analysis & Synthesis Resource Usage Summary               ;
+---------------------------------------------+-------------+
; Resource                                    ; Usage       ;
+---------------------------------------------+-------------+
; Estimated Total logic elements              ; 267         ;
;                                             ;             ;
; Total combinational functions               ; 267         ;
; Logic element usage by number of LUT inputs ;             ;
;     -- 4 input functions                    ; 94          ;
;     -- 3 input functions                    ; 61          ;
;     -- <=2 input functions                  ; 112         ;
;                                             ;             ;
; Logic elements by mode                      ;             ;
;     -- normal mode                          ; 192         ;
;     -- arithmetic mode                      ; 75          ;
;                                             ;             ;
; Total registers                             ; 43          ;
;     -- Dedicated logic registers            ; 43          ;
;     -- I/O registers                        ; 0           ;
;                                             ;             ;
; I/O pins                                    ; 54          ;
; Maximum fan-out node                        ; process_0~0 ;
; Maximum fan-out                             ; 26          ;
; Total fan-out                               ; 927         ;
; Average fan-out                             ; 2.55        ;
+---------------------------------------------+-------------+


+------------------------------------------------------------------------------------------------------------------------------------------------------------------------------------------------------------------------------------------------------------------------------------------------+
; Analysis & Synthesis Resource Utilization by Entity                                                                                                                                                                                                                                            ;
+-------------------------------------------+-------------------+--------------+-------------+--------------+---------+-----------+------+--------------+-------------------------------------------------------------------------------------------------------------------------+--------------+
; Compilation Hierarchy Node                ; LC Combinationals ; LC Registers ; Memory Bits ; DSP Elements ; DSP 9x9 ; DSP 18x18 ; Pins ; Virtual Pins ; Full Hierarchy Name                                                                                                     ; Library Name ;
+-------------------------------------------+-------------------+--------------+-------------+--------------+---------+-----------+------+--------------+-------------------------------------------------------------------------------------------------------------------------+--------------+
; |Oven_glob                                ; 267 (36)          ; 43 (26)      ; 0           ; 0            ; 0       ; 0         ; 54   ; 0            ; |Oven_glob                                                                                                              ;              ;
;    |Oven_count:B|                         ; 204 (86)          ; 9 (9)        ; 0           ; 0            ; 0       ; 0         ; 0    ; 0            ; |Oven_glob|Oven_count:B                                                                                                 ;              ;
;       |lpm_divide:Div0|                   ; 43 (0)            ; 0 (0)        ; 0           ; 0            ; 0       ; 0         ; 0    ; 0            ; |Oven_glob|Oven_count:B|lpm_divide:Div0                                                                                 ;              ;
;          |lpm_divide_0dm:auto_generated|  ; 43 (0)            ; 0 (0)        ; 0           ; 0            ; 0       ; 0         ; 0    ; 0            ; |Oven_glob|Oven_count:B|lpm_divide:Div0|lpm_divide_0dm:auto_generated                                                   ;              ;
;             |sign_div_unsign_akh:divider| ; 43 (0)            ; 0 (0)        ; 0           ; 0            ; 0       ; 0         ; 0    ; 0            ; |Oven_glob|Oven_count:B|lpm_divide:Div0|lpm_divide_0dm:auto_generated|sign_div_unsign_akh:divider                       ;              ;
;                |alt_u_div_mve:divider|    ; 43 (43)           ; 0 (0)        ; 0           ; 0            ; 0       ; 0         ; 0    ; 0            ; |Oven_glob|Oven_count:B|lpm_divide:Div0|lpm_divide_0dm:auto_generated|sign_div_unsign_akh:divider|alt_u_div_mve:divider ;              ;
;       |lpm_divide:Div1|                   ; 6 (0)             ; 0 (0)        ; 0           ; 0            ; 0       ; 0         ; 0    ; 0            ; |Oven_glob|Oven_count:B|lpm_divide:Div1                                                                                 ;              ;
;          |lpm_divide_3dm:auto_generated|  ; 6 (0)             ; 0 (0)        ; 0           ; 0            ; 0       ; 0         ; 0    ; 0            ; |Oven_glob|Oven_count:B|lpm_divide:Div1|lpm_divide_3dm:auto_generated                                                   ;              ;
;             |sign_div_unsign_dkh:divider| ; 6 (0)             ; 0 (0)        ; 0           ; 0            ; 0       ; 0         ; 0    ; 0            ; |Oven_glob|Oven_count:B|lpm_divide:Div1|lpm_divide_3dm:auto_generated|sign_div_unsign_dkh:divider                       ;              ;
;                |alt_u_div_sve:divider|    ; 6 (6)             ; 0 (0)        ; 0           ; 0            ; 0       ; 0         ; 0    ; 0            ; |Oven_glob|Oven_count:B|lpm_divide:Div1|lpm_divide_3dm:auto_generated|sign_div_unsign_dkh:divider|alt_u_div_sve:divider ;              ;
;       |lpm_divide:Mod0|                   ; 57 (0)            ; 0 (0)        ; 0           ; 0            ; 0       ; 0         ; 0    ; 0            ; |Oven_glob|Oven_count:B|lpm_divide:Mod0                                                                                 ;              ;
;          |lpm_divide_65m:auto_generated|  ; 57 (0)            ; 0 (0)        ; 0           ; 0            ; 0       ; 0         ; 0    ; 0            ; |Oven_glob|Oven_count:B|lpm_divide:Mod0|lpm_divide_65m:auto_generated                                                   ;              ;
;             |sign_div_unsign_dkh:divider| ; 57 (0)            ; 0 (0)        ; 0           ; 0            ; 0       ; 0         ; 0    ; 0            ; |Oven_glob|Oven_count:B|lpm_divide:Mod0|lpm_divide_65m:auto_generated|sign_div_unsign_dkh:divider                       ;              ;
;                |alt_u_div_sve:divider|    ; 57 (57)           ; 0 (0)        ; 0           ; 0            ; 0       ; 0         ; 0    ; 0            ; |Oven_glob|Oven_count:B|lpm_divide:Mod0|lpm_divide_65m:auto_generated|sign_div_unsign_dkh:divider|alt_u_div_sve:divider ;              ;
;       |lpm_divide:Mod1|                   ; 12 (0)            ; 0 (0)        ; 0           ; 0            ; 0       ; 0         ; 0    ; 0            ; |Oven_glob|Oven_count:B|lpm_divide:Mod1                                                                                 ;              ;
;          |lpm_divide_65m:auto_generated|  ; 12 (0)            ; 0 (0)        ; 0           ; 0            ; 0       ; 0         ; 0    ; 0            ; |Oven_glob|Oven_count:B|lpm_divide:Mod1|lpm_divide_65m:auto_generated                                                   ;              ;
;             |sign_div_unsign_dkh:divider| ; 12 (0)            ; 0 (0)        ; 0           ; 0            ; 0       ; 0         ; 0    ; 0            ; |Oven_glob|Oven_count:B|lpm_divide:Mod1|lpm_divide_65m:auto_generated|sign_div_unsign_dkh:divider                       ;              ;
;                |alt_u_div_sve:divider|    ; 12 (12)           ; 0 (0)        ; 0           ; 0            ; 0       ; 0         ; 0    ; 0            ; |Oven_glob|Oven_count:B|lpm_divide:Mod1|lpm_divide_65m:auto_generated|sign_div_unsign_dkh:divider|alt_u_div_sve:divider ;              ;
;    |Oven_ctrl:A|                          ; 27 (27)           ; 8 (8)        ; 0           ; 0            ; 0       ; 0         ; 0    ; 0            ; |Oven_glob|Oven_ctrl:A                                                                                                  ;              ;
+-------------------------------------------+-------------------+--------------+-------------+--------------+---------+-----------+------+--------------+-------------------------------------------------------------------------------------------------------------------------+--------------+
Note: For table entries with two numbers listed, the numbers in parentheses indicate the number of resources of the given type used by the specific entity alone. The numbers listed outside of parentheses indicate the total resources of the given type used by the specific entity and all of its sub-entities in the hierarchy.


Encoding Type:  One-Hot
+--------------------------------------------------------------+
; State Machine - |Oven_glob|Oven_count:B|state                ;
+----------------+---------------+----------------+------------+
; Name           ; state.stopped ; state.counting ; state.idle ;
+----------------+---------------+----------------+------------+
; state.idle     ; 0             ; 0              ; 0          ;
; state.counting ; 0             ; 1              ; 1          ;
; state.stopped  ; 1             ; 0              ; 1          ;
+----------------+---------------+----------------+------------+


Encoding Type:  One-Hot
+--------------------------------------------------------------------------------------------------------------------------------------------------------------------------------------------+
; State Machine - |Oven_glob|Oven_ctrl:A|state                                                                                                                                               ;
+--------------------------+----------------+-----------------+--------------------------+-------------------------+----------------+---------------------+---------------------+------------+
; Name                     ; state.Complete ; state.Operating ; state.Operation_disabled ; state.Operation_enabled ; state.Set_time ; state.Half_power_on ; state.Full_power_on ; state.Idle ;
+--------------------------+----------------+-----------------+--------------------------+-------------------------+----------------+---------------------+---------------------+------------+
; state.Idle               ; 0              ; 0               ; 0                        ; 0                       ; 0              ; 0                   ; 0                   ; 0          ;
; state.Full_power_on      ; 0              ; 0               ; 0                        ; 0                       ; 0              ; 0                   ; 1                   ; 1          ;
; state.Half_power_on      ; 0              ; 0               ; 0                        ; 0                       ; 0              ; 1                   ; 0                   ; 1          ;
; state.Set_time           ; 0              ; 0               ; 0                        ; 0                       ; 1              ; 0                   ; 0                   ; 1          ;
; state.Operation_enabled  ; 0              ; 0               ; 0                        ; 1                       ; 0              ; 0                   ; 0                   ; 1          ;
; state.Operation_disabled ; 0              ; 0               ; 1                        ; 0                       ; 0              ; 0                   ; 0                   ; 1          ;
; state.Operating          ; 0              ; 1               ; 0                        ; 0                       ; 0              ; 0                   ; 0                   ; 1          ;
; state.Complete           ; 1              ; 0               ; 0                        ; 0                       ; 0              ; 0                   ; 0                   ; 1          ;
+--------------------------+----------------+-----------------+--------------------------+-------------------------+----------------+---------------------+---------------------+------------+


+------------------------------------------------------------+
; Registers Removed During Synthesis                         ;
+---------------------------------------+--------------------+
; Register name                         ; Reason for Removal ;
+---------------------------------------+--------------------+
; Oven_count:B|state.idle               ; Lost fanout        ;
; Total Number of Removed Registers = 1 ;                    ;
+---------------------------------------+--------------------+


+------------------------------------------------------+
; General Register Statistics                          ;
+----------------------------------------------+-------+
; Statistic                                    ; Value ;
+----------------------------------------------+-------+
; Total registers                              ; 43    ;
; Number of registers using Synchronous Clear  ; 26    ;
; Number of registers using Synchronous Load   ; 0     ;
; Number of registers using Asynchronous Clear ; 17    ;
; Number of registers using Asynchronous Load  ; 0     ;
; Number of registers using Clock Enable       ; 0     ;
; Number of registers using Preset             ; 0     ;
+----------------------------------------------+-------+


+-----------------------------------------------------------------------------------------------------------------------------------------------------------------------+
; Multiplexer Restructuring Statistics (Restructuring Performed)                                                                                                        ;
+--------------------+-----------+---------------+----------------------+------------------------+-----------------------------------------+----------------------------+
; Multiplexer Inputs ; Bus Width ; Baseline Area ; Area if Restructured ; Saving if Restructured ; Registered                              ; Example Multiplexer Output ;
+--------------------+-----------+---------------+----------------------+------------------------+-----------------------------------------+----------------------------+
; 3:1                ; 6 bits    ; 12 LEs        ; 12 LEs               ; 0 LEs                  ; |Oven_glob|Oven_count:B|nextc           ;                            ;
; 5:1                ; 2 bits    ; 6 LEs         ; 4 LEs                ; 2 LEs                  ; |Oven_glob|Oven_count:B|seg_val_hex1[1] ;                            ;
; 5:1                ; 2 bits    ; 6 LEs         ; 4 LEs                ; 2 LEs                  ; |Oven_glob|Oven_count:B|seg_val_hex2[0] ;                            ;
; 5:1                ; 2 bits    ; 6 LEs         ; 4 LEs                ; 2 LEs                  ; |Oven_glob|Oven_count:B|seg_val_hex3[1] ;                            ;
; 6:1                ; 3 bits    ; 12 LEs        ; 12 LEs               ; 0 LEs                  ; |Oven_glob|Oven_count:B|seg_val_hex1[6] ;                            ;
; 6:1                ; 3 bits    ; 12 LEs        ; 12 LEs               ; 0 LEs                  ; |Oven_glob|Oven_count:B|seg_val_hex2[6] ;                            ;
; 6:1                ; 3 bits    ; 12 LEs        ; 12 LEs               ; 0 LEs                  ; |Oven_glob|Oven_count:B|seg_val_hex3[6] ;                            ;
+--------------------+-----------+---------------+----------------------+------------------------+-----------------------------------------+----------------------------+


+-----------------------------------------------------+
; Source assignments for Top-level Entity: |Oven_glob ;
+------------+---------+------+-----------------------+
; Assignment ; Value   ; From ; To                    ;
+------------+---------+------+-----------------------+
; LOCATION   ; Pin_U18 ; -    ; LEDR[7]               ;
; LOCATION   ; Pin_Y18 ; -    ; LEDR[6]               ;
; LOCATION   ; Pin_V19 ; -    ; LEDR[5]               ;
; LOCATION   ; Pin_T18 ; -    ; LEDR[4]               ;
; LOCATION   ; Pin_Y19 ; -    ; LEDR[3]               ;
; LOCATION   ; Pin_U19 ; -    ; LEDR[2]               ;
; LOCATION   ; Pin_R19 ; -    ; LEDR[1]               ;
; LOCATION   ; Pin_R20 ; -    ; LEDR[0]               ;
; LOCATION   ; Pin_V21 ; -    ; LEDG[3]               ;
; LOCATION   ; Pin_V22 ; -    ; LEDG[2]               ;
; LOCATION   ; Pin_U21 ; -    ; LEDG[1]               ;
; LOCATION   ; Pin_U22 ; -    ; LEDG[0]               ;
; LOCATION   ; Pin_J2  ; -    ; seg_val_hex0[6]       ;
; LOCATION   ; Pin_J1  ; -    ; seg_val_hex0[5]       ;
; LOCATION   ; Pin_H2  ; -    ; seg_val_hex0[4]       ;
; LOCATION   ; Pin_H1  ; -    ; seg_val_hex0[3]       ;
; LOCATION   ; Pin_F2  ; -    ; seg_val_hex0[2]       ;
; LOCATION   ; Pin_F1  ; -    ; seg_val_hex0[1]       ;
; LOCATION   ; Pin_E2  ; -    ; seg_val_hex0[0]       ;
; LOCATION   ; Pin_E1  ; -    ; seg_val_hex1[6]       ;
; LOCATION   ; Pin_H6  ; -    ; seg_val_hex1[5]       ;
; LOCATION   ; Pin_H5  ; -    ; seg_val_hex1[4]       ;
; LOCATION   ; Pin_H4  ; -    ; seg_val_hex1[3]       ;
; LOCATION   ; Pin_G3  ; -    ; seg_val_hex1[2]       ;
; LOCATION   ; Pin_D2  ; -    ; seg_val_hex1[1]       ;
; LOCATION   ; Pin_D1  ; -    ; seg_val_hex1[0]       ;
; LOCATION   ; Pin_G5  ; -    ; seg_val_hex2[6]       ;
; LOCATION   ; Pin_G6  ; -    ; seg_val_hex2[5]       ;
; LOCATION   ; Pin_C2  ; -    ; seg_val_hex2[4]       ;
; LOCATION   ; Pin_C1  ; -    ; seg_val_hex2[3]       ;
; LOCATION   ; Pin_E3  ; -    ; seg_val_hex2[2]       ;
; LOCATION   ; Pin_E4  ; -    ; seg_val_hex2[1]       ;
; LOCATION   ; Pin_D3  ; -    ; seg_val_hex2[0]       ;
; LOCATION   ; Pin_F4  ; -    ; seg_val_hex3[6]       ;
; LOCATION   ; Pin_D5  ; -    ; seg_val_hex3[5]       ;
; LOCATION   ; Pin_D6  ; -    ; seg_val_hex3[4]       ;
; LOCATION   ; Pin_J4  ; -    ; seg_val_hex3[3]       ;
; LOCATION   ; Pin_L8  ; -    ; seg_val_hex3[2]       ;
; LOCATION   ; Pin_F3  ; -    ; seg_val_hex3[1]       ;
; LOCATION   ; Pin_D4  ; -    ; seg_val_hex3[0]       ;
; LOCATION   ; Pin_R22 ; -    ; reset                 ;
; LOCATION   ; Pin_L1  ; -    ; clk                   ;
; LOCATION   ; Pin_M2  ; -    ; Half_power            ;
; LOCATION   ; Pin_U11 ; -    ; Full_power            ;
; LOCATION   ; Pin_U12 ; -    ; Start                 ;
; LOCATION   ; Pin_W12 ; -    ; s30                   ;
; LOCATION   ; Pin_V12 ; -    ; s60                   ;
; LOCATION   ; Pin_M22 ; -    ; s120                  ;
; LOCATION   ; Pin_L21 ; -    ; Time_set              ;
; LOCATION   ; Pin_L22 ; -    ; Door_open             ;
+------------+---------+------+-----------------------+


+-------------------------------------------------------------------------------+
; Parameter Settings for Inferred Entity Instance: Oven_count:B|lpm_divide:Mod0 ;
+------------------------+----------------+-------------------------------------+
; Parameter Name         ; Value          ; Type                                ;
+------------------------+----------------+-------------------------------------+
; LPM_WIDTHN             ; 7              ; Untyped                             ;
; LPM_WIDTHD             ; 7              ; Untyped                             ;
; LPM_NREPRESENTATION    ; UNSIGNED       ; Untyped                             ;
; LPM_DREPRESENTATION    ; UNSIGNED       ; Untyped                             ;
; LPM_PIPELINE           ; 0              ; Untyped                             ;
; LPM_REMAINDERPOSITIVE  ; TRUE           ; Untyped                             ;
; MAXIMIZE_SPEED         ; 5              ; Untyped                             ;
; CBXI_PARAMETER         ; lpm_divide_65m ; Untyped                             ;
; CARRY_CHAIN            ; MANUAL         ; Untyped                             ;
; OPTIMIZE_FOR_SPEED     ; 5              ; Untyped                             ;
; AUTO_CARRY_CHAINS      ; ON             ; AUTO_CARRY                          ;
; IGNORE_CARRY_BUFFERS   ; OFF            ; IGNORE_CARRY                        ;
; AUTO_CASCADE_CHAINS    ; ON             ; AUTO_CASCADE                        ;
; IGNORE_CASCADE_BUFFERS ; OFF            ; IGNORE_CASCADE                      ;
+------------------------+----------------+-------------------------------------+
Note: In order to hide this table in the UI and the text report file, please set the "Show Parameter Settings in Synthesis Report" option in "Analysis and Synthesis Settings -> More Settings" to "Off".


+-------------------------------------------------------------------------------+
; Parameter Settings for Inferred Entity Instance: Oven_count:B|lpm_divide:Div0 ;
+------------------------+----------------+-------------------------------------+
; Parameter Name         ; Value          ; Type                                ;
+------------------------+----------------+-------------------------------------+
; LPM_WIDTHN             ; 7              ; Untyped                             ;
; LPM_WIDTHD             ; 4              ; Untyped                             ;
; LPM_NREPRESENTATION    ; UNSIGNED       ; Untyped                             ;
; LPM_DREPRESENTATION    ; UNSIGNED       ; Untyped                             ;
; LPM_PIPELINE           ; 0              ; Untyped                             ;
; LPM_REMAINDERPOSITIVE  ; TRUE           ; Untyped                             ;
; MAXIMIZE_SPEED         ; 5              ; Untyped                             ;
; CBXI_PARAMETER         ; lpm_divide_0dm ; Untyped                             ;
; CARRY_CHAIN            ; MANUAL         ; Untyped                             ;
; OPTIMIZE_FOR_SPEED     ; 5              ; Untyped                             ;
; AUTO_CARRY_CHAINS      ; ON             ; AUTO_CARRY                          ;
; IGNORE_CARRY_BUFFERS   ; OFF            ; IGNORE_CARRY                        ;
; AUTO_CASCADE_CHAINS    ; ON             ; AUTO_CASCADE                        ;
; IGNORE_CASCADE_BUFFERS ; OFF            ; IGNORE_CASCADE                      ;
+------------------------+----------------+-------------------------------------+
Note: In order to hide this table in the UI and the text report file, please set the "Show Parameter Settings in Synthesis Report" option in "Analysis and Synthesis Settings -> More Settings" to "Off".


+-------------------------------------------------------------------------------+
; Parameter Settings for Inferred Entity Instance: Oven_count:B|lpm_divide:Mod1 ;
+------------------------+----------------+-------------------------------------+
; Parameter Name         ; Value          ; Type                                ;
+------------------------+----------------+-------------------------------------+
; LPM_WIDTHN             ; 7              ; Untyped                             ;
; LPM_WIDTHD             ; 7              ; Untyped                             ;
; LPM_NREPRESENTATION    ; UNSIGNED       ; Untyped                             ;
; LPM_DREPRESENTATION    ; UNSIGNED       ; Untyped                             ;
; LPM_PIPELINE           ; 0              ; Untyped                             ;
; LPM_REMAINDERPOSITIVE  ; TRUE           ; Untyped                             ;
; MAXIMIZE_SPEED         ; 5              ; Untyped                             ;
; CBXI_PARAMETER         ; lpm_divide_65m ; Untyped                             ;
; CARRY_CHAIN            ; MANUAL         ; Untyped                             ;
; OPTIMIZE_FOR_SPEED     ; 5              ; Untyped                             ;
; AUTO_CARRY_CHAINS      ; ON             ; AUTO_CARRY                          ;
; IGNORE_CARRY_BUFFERS   ; OFF            ; IGNORE_CARRY                        ;
; AUTO_CASCADE_CHAINS    ; ON             ; AUTO_CASCADE                        ;
; IGNORE_CASCADE_BUFFERS ; OFF            ; IGNORE_CASCADE                      ;
+------------------------+----------------+-------------------------------------+
Note: In order to hide this table in the UI and the text report file, please set the "Show Parameter Settings in Synthesis Report" option in "Analysis and Synthesis Settings -> More Settings" to "Off".


+-------------------------------------------------------------------------------+
; Parameter Settings for Inferred Entity Instance: Oven_count:B|lpm_divide:Div1 ;
+------------------------+----------------+-------------------------------------+
; Parameter Name         ; Value          ; Type                                ;
+------------------------+----------------+-------------------------------------+
; LPM_WIDTHN             ; 7              ; Untyped                             ;
; LPM_WIDTHD             ; 7              ; Untyped                             ;
; LPM_NREPRESENTATION    ; UNSIGNED       ; Untyped                             ;
; LPM_DREPRESENTATION    ; UNSIGNED       ; Untyped                             ;
; LPM_PIPELINE           ; 0              ; Untyped                             ;
; LPM_REMAINDERPOSITIVE  ; TRUE           ; Untyped                             ;
; MAXIMIZE_SPEED         ; 5              ; Untyped                             ;
; CBXI_PARAMETER         ; lpm_divide_3dm ; Untyped                             ;
; CARRY_CHAIN            ; MANUAL         ; Untyped                             ;
; OPTIMIZE_FOR_SPEED     ; 5              ; Untyped                             ;
; AUTO_CARRY_CHAINS      ; ON             ; AUTO_CARRY                          ;
; IGNORE_CARRY_BUFFERS   ; OFF            ; IGNORE_CARRY                        ;
; AUTO_CASCADE_CHAINS    ; ON             ; AUTO_CASCADE                        ;
; IGNORE_CASCADE_BUFFERS ; OFF            ; IGNORE_CASCADE                      ;
+------------------------+----------------+-------------------------------------+
Note: In order to hide this table in the UI and the text report file, please set the "Show Parameter Settings in Synthesis Report" option in "Analysis and Synthesis Settings -> More Settings" to "Off".


+-------------------------------+
; Elapsed Time Per Partition    ;
+----------------+--------------+
; Partition Name ; Elapsed Time ;
+----------------+--------------+
; Top            ; 00:00:02     ;
+----------------+--------------+


+-------------------------------+
; Analysis & Synthesis Messages ;
+-------------------------------+
Info: *******************************************************************
Info: Running Quartus II 32-bit Analysis & Synthesis
    Info: Version 11.1 Build 259 01/25/2012 Service Pack 2 SJ Full Version
    Info: Processing started: Wed Apr 11 11:40:19 2018
Info: Command: quartus_map --read_settings_files=on --write_settings_files=off fpga -c fpga
Info (20030): Parallel compilation is enabled and will use 2 of the 2 processors detected
Info (12021): Found 2 design units, including 1 entities, in source file Oven_glob.vhd
    Info (12022): Found design unit 1: Oven_glob-Complete
    Info (12023): Found entity 1: Oven_glob
Info (12021): Found 2 design units, including 1 entities, in source file oven.vhd
    Info (12022): Found design unit 1: Oven_ctrl-Controller
    Info (12023): Found entity 1: Oven_ctrl
Info (12021): Found 2 design units, including 1 entities, in source file counter.vhdl
    Info (12022): Found design unit 1: Oven_count-Impl
    Info (12023): Found entity 1: Oven_count
Info (12127): Elaborating entity "Oven_glob" for the top level hierarchy
Info (12128): Elaborating entity "Oven_ctrl" for hierarchy "Oven_ctrl:A"
Info (12128): Elaborating entity "Oven_count" for hierarchy "Oven_count:B"
Info (278001): Inferred 4 megafunctions from design logic
    Info (278004): Inferred divider/modulo megafunction ("lpm_divide") from the following logic: "Oven_count:B|Mod0"
    Info (278004): Inferred divider/modulo megafunction ("lpm_divide") from the following logic: "Oven_count:B|Div0"
    Info (278004): Inferred divider/modulo megafunction ("lpm_divide") from the following logic: "Oven_count:B|Mod1"
    Info (278004): Inferred divider/modulo megafunction ("lpm_divide") from the following logic: "Oven_count:B|Div1"
Info (12130): Elaborated megafunction instantiation "Oven_count:B|lpm_divide:Mod0"
Info (12133): Instantiated megafunction "Oven_count:B|lpm_divide:Mod0" with the following parameter:
    Info (12134): Parameter "LPM_WIDTHN" = "7"
    Info (12134): Parameter "LPM_WIDTHD" = "7"
    Info (12134): Parameter "LPM_NREPRESENTATION" = "UNSIGNED"
    Info (12134): Parameter "LPM_DREPRESENTATION" = "UNSIGNED"
Info (12021): Found 1 design units, including 1 entities, in source file db/lpm_divide_65m.tdf
    Info (12023): Found entity 1: lpm_divide_65m
Info (12021): Found 1 design units, including 1 entities, in source file db/sign_div_unsign_dkh.tdf
    Info (12023): Found entity 1: sign_div_unsign_dkh
Info (12021): Found 1 design units, including 1 entities, in source file db/alt_u_div_sve.tdf
    Info (12023): Found entity 1: alt_u_div_sve
Info (12021): Found 1 design units, including 1 entities, in source file db/add_sub_lkc.tdf
    Info (12023): Found entity 1: add_sub_lkc
Info (12021): Found 1 design units, including 1 entities, in source file db/add_sub_mkc.tdf
    Info (12023): Found entity 1: add_sub_mkc
Info (12130): Elaborated megafunction instantiation "Oven_count:B|lpm_divide:Div0"
Info (12133): Instantiated megafunction "Oven_count:B|lpm_divide:Div0" with the following parameter:
    Info (12134): Parameter "LPM_WIDTHN" = "7"
    Info (12134): Parameter "LPM_WIDTHD" = "4"
    Info (12134): Parameter "LPM_NREPRESENTATION" = "UNSIGNED"
    Info (12134): Parameter "LPM_DREPRESENTATION" = "UNSIGNED"
Info (12021): Found 1 design units, including 1 entities, in source file db/lpm_divide_0dm.tdf
    Info (12023): Found entity 1: lpm_divide_0dm
Info (12021): Found 1 design units, including 1 entities, in source file db/sign_div_unsign_akh.tdf
    Info (12023): Found entity 1: sign_div_unsign_akh
Info (12021): Found 1 design units, including 1 entities, in source file db/alt_u_div_mve.tdf
    Info (12023): Found entity 1: alt_u_div_mve
Info (12130): Elaborated megafunction instantiation "Oven_count:B|lpm_divide:Div1"
Info (12133): Instantiated megafunction "Oven_count:B|lpm_divide:Div1" with the following parameter:
    Info (12134): Parameter "LPM_WIDTHN" = "7"
    Info (12134): Parameter "LPM_WIDTHD" = "7"
    Info (12134): Parameter "LPM_NREPRESENTATION" = "UNSIGNED"
    Info (12134): Parameter "LPM_DREPRESENTATION" = "UNSIGNED"
Info (12021): Found 1 design units, including 1 entities, in source file db/lpm_divide_3dm.tdf
    Info (12023): Found entity 1: lpm_divide_3dm
Warning (13024): Output pins are stuck at VCC or GND
    Warning (13410): Pin "seg_val_hex3[0]" is stuck at VCC
    Warning (13410): Pin "seg_val_hex3[4]" is stuck at GND
    Warning (13410): Pin "seg_val_hex3[5]" is stuck at GND
Info (17049): 1 registers lost all their fanouts during netlist optimizations. The first 1 are displayed below.
    Info (17050): Register "Oven_count:B|state.idle" lost all its fanouts during netlist optimizations.
Info (17016): Found the following redundant logic cells in design
    Info (17048): Logic cell "Oven_count:B|lpm_divide:Mod1|lpm_divide_65m:auto_generated|sign_div_unsign_dkh:divider|alt_u_div_sve:divider|add_sub_6_result_int[0]~14"
Info (16010): Generating hard_block partition "hard_block:auto_generated_inst"
Info (21057): Implemented 321 device resources after synthesis - the final resource count might be different
    Info (21058): Implemented 10 input pins
    Info (21059): Implemented 44 output pins
    Info (21061): Implemented 267 logic cells
Info: Quartus II 32-bit Analysis & Synthesis was successful. 0 errors, 4 warnings
    Info: Peak virtual memory: 344 megabytes
    Info: Processing ended: Wed Apr 11 11:40:24 2018
    Info: Elapsed time: 00:00:05
    Info: Total CPU time (on all processors): 00:00:04


